3A_SEmbIIoT/usine_futur/projet/Mariokart_IRL/Application/sjsk-app/app/build/intermediates/manifest_merge_blame_file/debug/manifest-merger-blame-debug-report.txt
1<?xml version="1.0" encoding="utf-8"?>
2<manifest xmlns:android="http://schemas.android.com/apk/res/android"
3    package="fr.enseeiht.superjumpingsumokart"
4    android:versionCode="1"
5    android:versionName="1.0" >
6
7    <uses-sdk
8        android:minSdkVersion="19"
9        android:targetSdkVersion="25" />
10
11    <uses-permission android:name="android.permission.ACCESS_NETWORK_STATE" />
11-->src/main/AndroidManifest.xml:4:5-79
11-->src/main/AndroidManifest.xml:4:22-76
12    <uses-permission android:name="android.permission.ACCESS_WIFI_STATE" />
12-->src/main/AndroidManifest.xml:5:5-76
12-->src/main/AndroidManifest.xml:5:22-73
13    <uses-permission android:name="android.permission.BLUETOOTH" />
13-->src/main/AndroidManifest.xml:6:5-68
13-->src/main/AndroidManifest.xml:6:22-65
14    <uses-permission android:name="android.permission.BLUETOOTH_ADMIN" />
14-->src/main/AndroidManifest.xml:7:5-74
14-->src/main/AndroidManifest.xml:7:22-71
15    <uses-permission android:name="android.permission.CAMERA" />
15-->src/main/AndroidManifest.xml:8:5-65
15-->src/main/AndroidManifest.xml:8:22-62
16    <uses-permission android:name="android.permission.WRITE_INTERNAL_STORAGE" />
16-->src/main/AndroidManifest.xml:9:5-81
16-->src/main/AndroidManifest.xml:9:22-78
17    <uses-permission android:name="android.permission.ACCESS_FINE_LOCATION" />
17-->src/main/AndroidManifest.xml:10:5-79
17-->src/main/AndroidManifest.xml:10:22-76
18    <uses-permission android:name="android.permission.ACCESS_COARSE_LOCATION" />
18-->src/main/AndroidManifest.xml:11:5-81
18-->src/main/AndroidManifest.xml:11:22-78
19    <uses-permission android:name="android.permission.VIBRATE" />
19-->src/main/AndroidManifest.xml:12:5-65
19-->src/main/AndroidManifest.xml:12:22-63
20
21    <uses-feature
21-->src/main/AndroidManifest.xml:14:5-16:36
22        android:name="android.hardware.bluetooth_le"
22-->src/main/AndroidManifest.xml:15:9-53
23        android:required="false" />
23-->src/main/AndroidManifest.xml:16:9-33
24
25    <uses-permission android:name="android.permission.CHANGE_WIFI_MULTICAST_STATE" />
25-->[:libARDiscovery] AndroidManifest.xml:10:5-86
25-->[:libARDiscovery] AndroidManifest.xml:10:22-83
26    <uses-permission android:name="android.permission.REORDER_TASKS" />
26-->[:libARDiscovery] AndroidManifest.xml:12:5-72
26-->[:libARDiscovery] AndroidManifest.xml:12:22-69
27
28    <application
28-->src/main/AndroidManifest.xml:18:5-54:19
29        android:name="fr.enseeiht.superjumpingsumokart.arpack.AssetsLoader"
29-->src/main/AndroidManifest.xml:19:9-44
30        android:allowBackup="true"
30-->src/main/AndroidManifest.xml:20:9-35
31        android:debuggable="true"
32        android:extractNativeLibs="true"
33        android:icon="@mipmap/ic_launcher"
33-->src/main/AndroidManifest.xml:21:9-43
34        android:label="@string/app_name"
34-->src/main/AndroidManifest.xml:22:9-41
35        android:largeHeap="true"
35-->src/main/AndroidManifest.xml:24:9-33
36        android:supportsRtl="true"
36-->src/main/AndroidManifest.xml:23:9-35
37        android:theme="@style/AppTheme" >
37-->src/main/AndroidManifest.xml:25:9-40
38        <activity
38-->src/main/AndroidManifest.xml:26:9-39:20
39            android:name="fr.enseeiht.superjumpingsumokart.application.GUIWelcome"
39-->src/main/AndroidManifest.xml:27:13-51
40            android:hardwareAccelerated="true"
40-->src/main/AndroidManifest.xml:28:13-47
41            android:label="@string/title_activity_gui_game"
41-->src/main/AndroidManifest.xml:29:13-60
42            android:launchMode="singleInstance"
42-->src/main/AndroidManifest.xml:32:13-48
43            android:screenOrientation="landscape"
43-->src/main/AndroidManifest.xml:30:13-50
44            android:theme="@style/AppTheme.NoActionBar" >
44-->src/main/AndroidManifest.xml:31:13-56
45            <intent-filter>
45-->src/main/AndroidManifest.xml:34:13-38:29
46                <action android:name="android.intent.action.MAIN" />
46-->src/main/AndroidManifest.xml:35:17-69
46-->src/main/AndroidManifest.xml:35:25-66
47
48                <category android:name="android.intent.category.LAUNCHER" />
48-->src/main/AndroidManifest.xml:37:17-77
48-->src/main/AndroidManifest.xml:37:27-74
49            </intent-filter>
50        </activity>
51        <activity
51-->src/main/AndroidManifest.xml:40:9-50:20
52            android:name="fr.enseeiht.superjumpingsumokart.arpack.GUIGame"
52-->src/main/AndroidManifest.xml:41:13-43
53            android:configChanges="orientation|keyboardHidden|screenSize"
53-->src/main/AndroidManifest.xml:42:13-74
54            android:label="@string/title_activity_gui_welcome"
54-->src/main/AndroidManifest.xml:43:13-63
55            android:parentActivityName="fr.enseeiht.superjumpingsumokart.application.GUIWelcome"
55-->src/main/AndroidManifest.xml:44:13-65
56            android:screenOrientation="landscape"
56-->src/main/AndroidManifest.xml:45:13-50
57            android:theme="@style/FullscreenTheme" >
57-->src/main/AndroidManifest.xml:46:13-51
58            <meta-data
58-->src/main/AndroidManifest.xml:47:13-49:91
59                android:name="android.support.PARENT_ACTIVITY"
59-->src/main/AndroidManifest.xml:48:17-63
60                android:value="fr.enseeiht.superjumpingsumokart.application.GUIWelcome" />
60-->src/main/AndroidManifest.xml:49:17-88
61        </activity>
62        <activity android:name="fr.enseeiht.superjumpingsumokart.application.circuit.GUICircuit" />
62-->src/main/AndroidManifest.xml:51:9-68
62-->src/main/AndroidManifest.xml:51:19-65
63        <activity android:name="fr.enseeiht.superjumpingsumokart.application.circuit.GUICreateCircuit" />
63-->src/main/AndroidManifest.xml:52:9-74
63-->src/main/AndroidManifest.xml:52:19-71
64        <activity android:name="fr.enseeiht.superjumpingsumokart.application.circuit.GUIModifyCircuit" />
64-->src/main/AndroidManifest.xml:53:9-83
64-->src/main/AndroidManifest.xml:53:19-71
65    </application>
66
67</manifest>